Flow report for COUNTER-PLUS
Tue Jun 20 11:14:55 2017
Quartus II Version 9.0 Build 132 02/25/2009 SJ Full Version


---------------------
; Table of Contents ;
---------------------
  1. Legal Notice
  2. Flow Summary
  3. Flow Settings
  4. Flow Non-Default Global Settings
  5. Flow Elapsed Time
  6. Flow OS Summary
  7. Flow Log



----------------
; Legal Notice ;
----------------
Copyright (C) 1991-2009 Altera Corporation
Your use of Altera Corporation's design tools, logic functions 
and other software and tools, and its AMPP partner logic 
functions, and any output files from any of the foregoing 
(including device programming or simulation files), and any 
associated documentation or information are expressly subject 
to the terms and conditions of the Altera Program License 
Subscription Agreement, Altera MegaCore Function License 
Agreement, or other applicable license agreement, including, 
without limitation, that your use is for the sole purpose of 
programming logic devices manufactured by Altera and sold by 
Altera or its authorized distributors.  Please refer to the 
applicable agreement for further details.



+-------------------------------------------------------------------------------+
; Flow Summary                                                                  ;
+------------------------------------+------------------------------------------+
; Flow Status                        ; Successful - Tue Jun 20 11:14:55 2017    ;
; Quartus II Version                 ; 9.0 Build 132 02/25/2009 SJ Full Version ;
; Revision Name                      ; COUNTER-PLUS                             ;
; Top-level Entity Name              ; COUNTER-PLUS                             ;
; Family                             ; Cyclone II                               ;
; Device                             ; EP2C8T144C8                              ;
; Timing Models                      ; Final                                    ;
; Met timing requirements            ; Yes                                      ;
; Total logic elements               ; 12 / 8,256 ( < 1 % )                     ;
;     Total combinational functions  ; 12 / 8,256 ( < 1 % )                     ;
;     Dedicated logic registers      ; 8 / 8,256 ( < 1 % )                      ;
; Total registers                    ; 8                                        ;
; Total pins                         ; 10 / 85 ( 12 % )                         ;
; Total virtual pins                 ; 0                                        ;
; Total memory bits                  ; 0 / 165,888 ( 0 % )                      ;
; Embedded Multiplier 9-bit elements ; 0 / 36 ( 0 % )                           ;
; Total PLLs                         ; 0 / 2 ( 0 % )                            ;
+------------------------------------+------------------------------------------+


+-----------------------------------------+
; Flow Settings                           ;
+-------------------+---------------------+
; Option            ; Setting             ;
+-------------------+---------------------+
; Start date & time ; 06/20/2017 11:14:39 ;
; Main task         ; Compilation         ;
; Revision Name     ; COUNTER-PLUS        ;
+-------------------+---------------------+


+------------------------------------------------------------------------------------------------------------------+
; Flow Non-Default Global Settings                                                                                 ;
+------------------------------------+------------------------------+---------------+-------------+----------------+
; Assignment Name                    ; Value                        ; Default Value ; Entity Name ; Section Id     ;
+------------------------------------+------------------------------+---------------+-------------+----------------+
; COMPILER_SIGNATURE_ID              ; 120892751593.149792847905248 ; --            ; --          ; --             ;
; MAX_CORE_JUNCTION_TEMP             ; 85                           ; --            ; --          ; --             ;
; MIN_CORE_JUNCTION_TEMP             ; 0                            ; --            ; --          ; --             ;
; PARTITION_COLOR                    ; 16764057                     ; --            ; --          ; Top            ;
; PARTITION_NETLIST_TYPE             ; SOURCE                       ; --            ; --          ; Top            ;
; USE_GENERATED_PHYSICAL_CONSTRAINTS ; Off                          ; --            ; --          ; eda_blast_fpga ;
+------------------------------------+------------------------------+---------------+-------------+----------------+


+-----------------------------------------------------------------------------------------------------------------------------+
; Flow Elapsed Time                                                                                                           ;
+-------------------------+--------------+-------------------------+---------------------+------------------------------------+
; Module Name             ; Elapsed Time ; Average Processors Used ; Peak Virtual Memory ; Total CPU Time (on all processors) ;
+-------------------------+--------------+-------------------------+---------------------+------------------------------------+
; Analysis & Synthesis    ; 00:00:02     ; 1.0                     ; 177 MB              ; 00:00:02                           ;
; Fitter                  ; 00:00:04     ; 1.0                     ; 194 MB              ; 00:00:04                           ;
; Assembler               ; 00:00:04     ; 1.0                     ; 164 MB              ; 00:00:04                           ;
; Classic Timing Analyzer ; 00:00:01     ; 1.0                     ; 122 MB              ; 00:00:01                           ;
; Total                   ; 00:00:11     ; --                      ; --                  ; 00:00:11                           ;
+-------------------------+--------------+-------------------------+---------------------+------------------------------------+


+---------------------------------------------------------------------------------------+
; Flow OS Summary                                                                       ;
+-------------------------+------------------+------------+------------+----------------+
; Module Name             ; Machine Hostname ; OS Name    ; OS Version ; Processor type ;
+-------------------------+------------------+------------+------------+----------------+
; Analysis & Synthesis    ; lenovo           ; Windows XP ; 5.1        ; i686           ;
; Fitter                  ; lenovo           ; Windows XP ; 5.1        ; i686           ;
; Assembler               ; lenovo           ; Windows XP ; 5.1        ; i686           ;
; Classic Timing Analyzer ; lenovo           ; Windows XP ; 5.1        ; i686           ;
+-------------------------+------------------+------------+------------+----------------+


------------
; Flow Log ;
------------
quartus_map --read_settings_files=on --write_settings_files=off COUNTER-PLUS -c COUNTER-PLUS
quartus_fit --read_settings_files=off --write_settings_files=off COUNTER-PLUS -c COUNTER-PLUS
quartus_asm --read_settings_files=off --write_settings_files=off COUNTER-PLUS -c COUNTER-PLUS
quartus_tan --read_settings_files=off --write_settings_files=off COUNTER-PLUS -c COUNTER-PLUS --timing_analysis_only



